0 info it worked if it ends with ok
1 verbose cli [ 'D:\\NodeJS\\node.exe',
1 verbose cli   'D:\\NodeJS\\node_modules\\npm\\bin\\npm-cli.js',
1 verbose cli   'start' ]
2 info using npm@3.10.3
3 info using node@v6.3.1
4 verbose run-script [ 'prestart', 'start', 'poststart' ]
5 info lifecycle WebAct@0.0.0~prestart: WebAct@0.0.0
6 silly lifecycle WebAct@0.0.0~prestart: no script for prestart, continuing
7 info lifecycle WebAct@0.0.0~start: WebAct@0.0.0
8 verbose lifecycle WebAct@0.0.0~start: unsafe-perm in lifecycle true
9 verbose lifecycle WebAct@0.0.0~start: PATH: D:\NodeJS\node_modules\npm\bin\node-gyp-bin;E:\Git Repo\WebAct\node_modules\.bin;D:\NodeJS;C:\ProgramData\Oracle\Java\javapath;D:\mongodb\bin\;;C:\Program Files (x86)\Intel\iCLS Client\;C:\Program Files\Intel\iCLS Client\;C:\WINDOWS\system32;C:\WINDOWS;C:\WINDOWS\System32\Wbem;C:\WINDOWS\System32\WindowsPowerShell\v1.0\;C:\Program Files\Intel\Intel(R) Management Engine Components\DAL;C:\Program Files\Intel\Intel(R) Management Engine Components\IPT;C:\Program Files (x86)\Intel\Intel(R) Management Engine Components\DAL;C:\Program Files (x86)\Intel\Intel(R) Management Engine Components\IPT;C:\Users\Administrator\.dnx\bin;C:\Program Files\Microsoft DNX\Dnvm\;C:\Program Files (x86)\NVIDIA Corporation\PhysX\Common;C:\WINDOWS\system32\config\systemprofile\.dnx\bin;C:\Program Files (x86)\Windows Live\Shared;D:\Heroku\bin;C:\Program Files (x86)\git\cmd;C:\Program Files\Java\jdk1.8.0_45\bin;C:\Program Files (x86)\Windows Kits\10\Windows Performance Toolkit\;D:\D\dmd2\windows\bin;C:\WINDOWS\system32;C:\WINDOWS;C:\WINDOWS\System32\Wbem;C:\WINDOWS\System32\WindowsPowerShell\v1.0\;D:\CMake\bin;C:\Program Files\Microsoft\Web Platform Installer\;C:\Program Files\Microsoft SQL Server\120\Tools\Binn\;C:\Program Files (x86)\GtkSharp\2.12\bin;D:\Git\cmd;D:\Android\SDK\tools;;D:\Android\NDK\android-ndk-r10e;;D:\Anaconda2;D:\Anaconda2\Scripts;D:\Anaconda2\Library\bin;D:\Anaconda3\Scripts;D:\Anaconda3\Library\bin;D:\Anaconda3;D:\NodeJS\;C:\Users\Administrator\AppData\Local\atom\bin;D:\Microsoft VS Code\bin;D:\Anaconda3;C:\Users\Administrator\AppData\Local\nylas\bin;C:\Users\Administrator\AppData\Roaming\npm;C:\Users\Administrator\AppData\Local\Microsoft\WindowsApps;
10 verbose lifecycle WebAct@0.0.0~start: CWD: E:\Git Repo\WebAct
11 silly lifecycle WebAct@0.0.0~start: Args: [ '/d /s /c', 'node ./bin/www' ]
12 silly lifecycle WebAct@0.0.0~start: Returned: code: 1  signal: null
13 info lifecycle WebAct@0.0.0~start: Failed to exec start script
14 verbose stack Error: WebAct@0.0.0 start: `node ./bin/www`
14 verbose stack Exit status 1
14 verbose stack     at EventEmitter.<anonymous> (D:\NodeJS\node_modules\npm\lib\utils\lifecycle.js:242:16)
14 verbose stack     at emitTwo (events.js:106:13)
14 verbose stack     at EventEmitter.emit (events.js:191:7)
14 verbose stack     at ChildProcess.<anonymous> (D:\NodeJS\node_modules\npm\lib\utils\spawn.js:40:14)
14 verbose stack     at emitTwo (events.js:106:13)
14 verbose stack     at ChildProcess.emit (events.js:191:7)
14 verbose stack     at maybeClose (internal/child_process.js:852:16)
14 verbose stack     at Process.ChildProcess._handle.onexit (internal/child_process.js:215:5)
15 verbose pkgid WebAct@0.0.0
16 verbose cwd E:\Git Repo\WebAct
17 error Windows_NT 10.0.14393
18 error argv "D:\\NodeJS\\node.exe" "D:\\NodeJS\\node_modules\\npm\\bin\\npm-cli.js" "start"
19 error node v6.3.1
20 error npm  v3.10.3
21 error code ELIFECYCLE
22 error WebAct@0.0.0 start: `node ./bin/www`
22 error Exit status 1
23 error Failed at the WebAct@0.0.0 start script 'node ./bin/www'.
23 error Make sure you have the latest version of node.js and npm installed.
23 error If you do, this is most likely a problem with the WebAct package,
23 error not with npm itself.
23 error Tell the author that this fails on your system:
23 error     node ./bin/www
23 error You can get information on how to open an issue for this project with:
23 error     npm bugs WebAct
23 error Or if that isn't available, you can get their info via:
23 error     npm owner ls WebAct
23 error There is likely additional logging output above.
24 verbose exit [ 1, true ]
